<?xml version="1.0" encoding="UTF-8"?>
<!-- Generated by org.testng.reporters.JUnitReportReporter -->
<testsuite skipped="0" hostname="YCSLAP0545" name="Seleneium.Testng" tests="2" failures="0" timestamp="2022-05-30T14:48:57 IST" time="0.008" errors="0">
  <testcase name="test" time="0.007" classname="Seleneium.Testng"/>
  <system-out/>
  <testcase name="testingmeans" time="0.001" classname="Seleneium.Testng"/>
  <system-out/>
</testsuite> <!-- Seleneium.Testng -->
