<?xml version="1.0" encoding="UTF-8"?>
<!-- Generated by org.testng.reporters.JUnitReportReporter -->
<testsuite skipped="0" hostname="YCSLAP0545" name="Seleneium.Parmeters" tests="1" failures="0" timestamp="2022-06-06T15:48:13 IST" time="12.359" errors="0">
  <testcase name="yahoologin" time="12.359" classname="Seleneium.Parmeters"/>
  <system-out/>
</testsuite> <!-- Seleneium.Parmeters -->
